To https://github.com/admmmmm/nvidia-nemotron-model-reasoning-challenge.git
   a1663e2..03eff0d  master -> master
warning: in the working copy of 'outputs/logs/local_sync_Train_number_1.out', CRLF will be replaced by LF the next time Git touches it
To https://github.com/admmmmm/nvidia-nemotron-model-reasoning-challenge.git
   03eff0d..f2c0a4e  master -> master
To https://github.com/admmmmm/nvidia-nemotron-model-reasoning-challenge.git
   f2c0a4e..35de2e5  master -> master
To https://github.com/admmmmm/nvidia-nemotron-model-reasoning-challenge.git
   35de2e5..8bdadd1  master -> master
To https://github.com/admmmmm/nvidia-nemotron-model-reasoning-challenge.git
   8bdadd1..b69d727  master -> master
To https://github.com/admmmmm/nvidia-nemotron-model-reasoning-challenge.git
   b69d727..d70c586  master -> master
To https://github.com/admmmmm/nvidia-nemotron-model-reasoning-challenge.git
   d70c586..1ac0223  master -> master
To https://github.com/admmmmm/nvidia-nemotron-model-reasoning-challenge.git
   1ac0223..42db6b1  master -> master
To https://github.com/admmmmm/nvidia-nemotron-model-reasoning-challenge.git
   42db6b1..79f57ec  master -> master
To https://github.com/admmmmm/nvidia-nemotron-model-reasoning-challenge.git
   79f57ec..7db55f7  master -> master
To https://github.com/admmmmm/nvidia-nemotron-model-reasoning-challenge.git
   7db55f7..d4b4cfd  master -> master
To https://github.com/admmmmm/nvidia-nemotron-model-reasoning-challenge.git
   d4b4cfd..65bf883  master -> master
To https://github.com/admmmmm/nvidia-nemotron-model-reasoning-challenge.git
   65bf883..f78f968  master -> master
To https://github.com/admmmmm/nvidia-nemotron-model-reasoning-challenge.git
   f78f968..b60032f  master -> master
To https://github.com/admmmmm/nvidia-nemotron-model-reasoning-challenge.git
   b60032f..3f1473e  master -> master
To https://github.com/admmmmm/nvidia-nemotron-model-reasoning-challenge.git
   3f1473e..f66d851  master -> master
To https://github.com/admmmmm/nvidia-nemotron-model-reasoning-challenge.git
   f66d851..1a3453b  master -> master
To https://github.com/admmmmm/nvidia-nemotron-model-reasoning-challenge.git
   1a3453b..1c68098  master -> master
To https://github.com/admmmmm/nvidia-nemotron-model-reasoning-challenge.git
   1c68098..c9e1335  master -> master
To https://github.com/admmmmm/nvidia-nemotron-model-reasoning-challenge.git
   c9e1335..b9cedb8  master -> master
To https://github.com/admmmmm/nvidia-nemotron-model-reasoning-challenge.git
   b9cedb8..3f94d07  master -> master
To https://github.com/admmmmm/nvidia-nemotron-model-reasoning-challenge.git
   3f94d07..93480e4  master -> master
To https://github.com/admmmmm/nvidia-nemotron-model-reasoning-challenge.git
   93480e4..9e35c63  master -> master
To https://github.com/admmmmm/nvidia-nemotron-model-reasoning-challenge.git
   9e35c63..f0bc4f7  master -> master
To https://github.com/admmmmm/nvidia-nemotron-model-reasoning-challenge.git
   f0bc4f7..ffd3493  master -> master
To https://github.com/admmmmm/nvidia-nemotron-model-reasoning-challenge.git
   ffd3493..c18ee08  master -> master
fatal: unable to access 'https://github.com/admmmmm/nvidia-nemotron-model-reasoning-challenge.git/': OpenSSL SSL_connect: SSL_ERROR_SYSCALL in connection to github.com:443 
Traceback (most recent call last):
  File "D:\dev\NVIDIA Nemotron Model Reasoning Challenge\scripts\local_sync_remote_logs.py", line 148, in <module>
    raise SystemExit(main())
                     ~~~~^^
  File "D:\dev\NVIDIA Nemotron Model Reasoning Challenge\scripts\local_sync_remote_logs.py", line 140, in main
    code = sync_once(args)
  File "D:\dev\NVIDIA Nemotron Model Reasoning Challenge\scripts\local_sync_remote_logs.py", line 122, in sync_once
    subprocess.run(["git", "push", "origin", "master"], cwd=repo_root, check=True)
    ~~~~~~~~~~~~~~^^^^^^^^^^^^^^^^^^^^^^^^^^^^^^^^^^^^^^^^^^^^^^^^^^^^^^^^^^^^^^^^
  File "C:\Users\adm14\Miniconda3\Lib\subprocess.py", line 577, in run
    raise CalledProcessError(retcode, process.args,
                             output=stdout, stderr=stderr)
subprocess.CalledProcessError: Command '['git', 'push', 'origin', 'master']' returned non-zero exit status 128.
