Note: Environment variable`HF_TOKEN` is set and is the current active token independently from the token you've just configured.
huggingface login ok
Loading checkpoint shards:   0%|          | 0/13 [00:00<?, ?it/s]Loading checkpoint shards:   8%|▊         | 1/13 [00:19<03:52, 19.36s/it]Loading checkpoint shards:  15%|█▌        | 2/13 [00:39<03:39, 19.96s/it]Loading checkpoint shards:  23%|██▎       | 3/13 [01:01<03:26, 20.63s/it]Loading checkpoint shards:  31%|███       | 4/13 [01:23<03:10, 21.13s/it]Loading checkpoint shards:  38%|███▊      | 5/13 [01:45<02:51, 21.43s/it]Loading checkpoint shards:  46%|████▌     | 6/13 [02:07<02:32, 21.77s/it]Loading checkpoint shards:  54%|█████▍    | 7/13 [02:28<02:08, 21.47s/it]Loading checkpoint shards:  62%|██████▏   | 8/13 [02:49<01:46, 21.26s/it]Loading checkpoint shards:  69%|██████▉   | 9/13 [03:10<01:24, 21.22s/it]Loading checkpoint shards:  77%|███████▋  | 10/13 [03:30<01:02, 20.97s/it]Loading checkpoint shards:  85%|████████▍ | 11/13 [03:51<00:41, 20.87s/it]Loading checkpoint shards:  92%|█████████▏| 12/13 [04:11<00:20, 20.51s/it]Loading checkpoint shards: 100%|██████████| 13/13 [04:22<00:00, 17.78s/it]Loading checkpoint shards: 100%|██████████| 13/13 [04:22<00:00, 20.19s/it]
[RANK 0] Detected kernel version 5.4.0, which is below the recommended minimum of 5.5.0; this can cause the process to hang. It is recommended to upgrade the kernel to the minimum version or higher.
  0%|          | 0/565 [00:00<?, ?it/s]Traceback (most recent call last):
  File "/home/vipuser/anaconda3/envs/nemotron_mamba/lib/python3.10/runpy.py", line 196, in _run_module_as_main
    return _run_code(code, main_globals, None,
  File "/home/vipuser/anaconda3/envs/nemotron_mamba/lib/python3.10/runpy.py", line 86, in _run_code
    exec(code, run_globals)
  File "/root/nemotron/src/train/sft_local.py", line 343, in <module>
    main()
  File "/root/nemotron/src/train/sft_local.py", line 332, in main
    trainer.train()
  File "/home/vipuser/anaconda3/envs/nemotron_mamba/lib/python3.10/site-packages/transformers/trainer.py", line 2325, in train
    return inner_training_loop(
  File "/home/vipuser/anaconda3/envs/nemotron_mamba/lib/python3.10/site-packages/transformers/trainer.py", line 2674, in _inner_training_loop
    tr_loss_step = self.training_step(model, inputs, num_items_in_batch)
  File "/home/vipuser/anaconda3/envs/nemotron_mamba/lib/python3.10/site-packages/transformers/trainer.py", line 4020, in training_step
    loss = self.compute_loss(model, inputs, num_items_in_batch=num_items_in_batch)
  File "/home/vipuser/anaconda3/envs/nemotron_mamba/lib/python3.10/site-packages/transformers/trainer.py", line 4110, in compute_loss
    outputs = model(**inputs)
  File "/home/vipuser/anaconda3/envs/nemotron_mamba/lib/python3.10/site-packages/torch/nn/modules/module.py", line 1518, in _wrapped_call_impl
    return self._call_impl(*args, **kwargs)
  File "/home/vipuser/anaconda3/envs/nemotron_mamba/lib/python3.10/site-packages/torch/nn/modules/module.py", line 1527, in _call_impl
    return forward_call(*args, **kwargs)
  File "/home/vipuser/anaconda3/envs/nemotron_mamba/lib/python3.10/site-packages/accelerate/utils/operations.py", line 823, in forward
    return model_forward(*args, **kwargs)
  File "/home/vipuser/anaconda3/envs/nemotron_mamba/lib/python3.10/site-packages/accelerate/utils/operations.py", line 811, in __call__
    return convert_to_fp32(self.model_forward(*args, **kwargs))
  File "/home/vipuser/anaconda3/envs/nemotron_mamba/lib/python3.10/site-packages/torch/amp/autocast_mode.py", line 16, in decorate_autocast
    return func(*args, **kwargs)
  File "/home/vipuser/anaconda3/envs/nemotron_mamba/lib/python3.10/site-packages/peft/peft_model.py", line 1644, in forward
    return self.base_model(
  File "/home/vipuser/anaconda3/envs/nemotron_mamba/lib/python3.10/site-packages/torch/nn/modules/module.py", line 1518, in _wrapped_call_impl
    return self._call_impl(*args, **kwargs)
  File "/home/vipuser/anaconda3/envs/nemotron_mamba/lib/python3.10/site-packages/torch/nn/modules/module.py", line 1527, in _call_impl
    return forward_call(*args, **kwargs)
  File "/home/vipuser/anaconda3/envs/nemotron_mamba/lib/python3.10/site-packages/peft/tuners/tuners_utils.py", line 197, in forward
    return self.model.forward(*args, **kwargs)
  File "/root/.cache/huggingface/modules/transformers_modules/nvidia/NVIDIA_hyphen_Nemotron_hyphen_3_hyphen_Nano_hyphen_30B_hyphen_A3B_hyphen_BF16/cbd3fa9f933d55ef16a84236559f4ee2a0526848/modeling_nemotron_h.py", line 1702, in forward
    nemotron_h_outputs = self.backbone(
  File "/home/vipuser/anaconda3/envs/nemotron_mamba/lib/python3.10/site-packages/torch/nn/modules/module.py", line 1518, in _wrapped_call_impl
    return self._call_impl(*args, **kwargs)
  File "/home/vipuser/anaconda3/envs/nemotron_mamba/lib/python3.10/site-packages/torch/nn/modules/module.py", line 1527, in _call_impl
    return forward_call(*args, **kwargs)
  File "/root/.cache/huggingface/modules/transformers_modules/nvidia/NVIDIA_hyphen_Nemotron_hyphen_3_hyphen_Nano_hyphen_30B_hyphen_A3B_hyphen_BF16/cbd3fa9f933d55ef16a84236559f4ee2a0526848/modeling_nemotron_h.py", line 1489, in forward
    hidden_states = self._gradient_checkpointing_func(
  File "/home/vipuser/anaconda3/envs/nemotron_mamba/lib/python3.10/site-packages/torch/_compile.py", line 24, in inner
    return torch._dynamo.disable(fn, recursive)(*args, **kwargs)
  File "/home/vipuser/anaconda3/envs/nemotron_mamba/lib/python3.10/site-packages/torch/_dynamo/eval_frame.py", line 328, in _fn
    return fn(*args, **kwargs)
  File "/home/vipuser/anaconda3/envs/nemotron_mamba/lib/python3.10/site-packages/torch/_dynamo/external_utils.py", line 17, in inner
    return fn(*args, **kwargs)
  File "/home/vipuser/anaconda3/envs/nemotron_mamba/lib/python3.10/site-packages/torch/utils/checkpoint.py", line 451, in checkpoint
    return CheckpointFunction.apply(function, preserve, *args)
  File "/home/vipuser/anaconda3/envs/nemotron_mamba/lib/python3.10/site-packages/torch/autograd/function.py", line 539, in apply
    return super().apply(*args, **kwargs)  # type: ignore[misc]
  File "/home/vipuser/anaconda3/envs/nemotron_mamba/lib/python3.10/site-packages/torch/utils/checkpoint.py", line 230, in forward
    outputs = run_function(*args)
  File "/home/vipuser/anaconda3/envs/nemotron_mamba/lib/python3.10/site-packages/torch/nn/modules/module.py", line 1518, in _wrapped_call_impl
    return self._call_impl(*args, **kwargs)
  File "/home/vipuser/anaconda3/envs/nemotron_mamba/lib/python3.10/site-packages/torch/nn/modules/module.py", line 1527, in _call_impl
    return forward_call(*args, **kwargs)
  File "/root/.cache/huggingface/modules/transformers_modules/nvidia/NVIDIA_hyphen_Nemotron_hyphen_3_hyphen_Nano_hyphen_30B_hyphen_A3B_hyphen_BF16/cbd3fa9f933d55ef16a84236559f4ee2a0526848/modeling_nemotron_h.py", line 777, in forward
    hidden_states = self.mixer(
  File "/home/vipuser/anaconda3/envs/nemotron_mamba/lib/python3.10/site-packages/torch/nn/modules/module.py", line 1518, in _wrapped_call_impl
    return self._call_impl(*args, **kwargs)
  File "/home/vipuser/anaconda3/envs/nemotron_mamba/lib/python3.10/site-packages/torch/nn/modules/module.py", line 1527, in _call_impl
    return forward_call(*args, **kwargs)
  File "/root/.cache/huggingface/modules/transformers_modules/nvidia/NVIDIA_hyphen_Nemotron_hyphen_3_hyphen_Nano_hyphen_30B_hyphen_A3B_hyphen_BF16/cbd3fa9f933d55ef16a84236559f4ee2a0526848/modeling_nemotron_h.py", line 715, in forward
    return self.cuda_kernels_forward(hidden_states, cache_params, cache_position, attention_mask)
  File "/root/.cache/huggingface/modules/transformers_modules/nvidia/NVIDIA_hyphen_Nemotron_hyphen_3_hyphen_Nano_hyphen_30B_hyphen_A3B_hyphen_BF16/cbd3fa9f933d55ef16a84236559f4ee2a0526848/modeling_nemotron_h.py", line 429, in cuda_kernels_forward
    out = mamba_split_conv1d_scan_combined(
  File "/home/vipuser/anaconda3/envs/nemotron_mamba/lib/python3.10/site-packages/mamba_ssm/ops/triton/ssd_combined.py", line 912, in mamba_split_conv1d_scan_combined
    return MambaSplitConv1dScanCombinedFn.apply(zxbcdt, conv1d_weight, conv1d_bias, dt_bias, A, D, chunk_size, initial_states, seq_idx, dt_limit, return_final_states, activation, rmsnorm_weight, rmsnorm_eps, outproj_weight, outproj_bias, headdim, ngroups, norm_before_gate)
  File "/home/vipuser/anaconda3/envs/nemotron_mamba/lib/python3.10/site-packages/torch/autograd/function.py", line 539, in apply
    return super().apply(*args, **kwargs)  # type: ignore[misc]
  File "/home/vipuser/anaconda3/envs/nemotron_mamba/lib/python3.10/site-packages/torch/cuda/amp/autocast_mode.py", line 113, in decorate_fwd
    return fwd(*args, **kwargs)
  File "/home/vipuser/anaconda3/envs/nemotron_mamba/lib/python3.10/site-packages/mamba_ssm/ops/triton/ssd_combined.py", line 761, in forward
    causal_conv1d_cuda.causal_conv1d_fwd(rearrange(xBC, "b s d -> b d s"),
TypeError: causal_conv1d_fwd(): incompatible function arguments. The following argument types are supported:
    1. (arg0: torch.Tensor, arg1: torch.Tensor, arg2: Optional[torch.Tensor], arg3: Optional[torch.Tensor], arg4: bool) -> torch.Tensor

Invoked with: tensor([[[-8.8257e-02, -1.0986e+00,  3.4497e-01,  ...,  8.6914e-02,
           1.8774e-01,  3.4497e-01],
         [ 9.4873e-01, -8.5938e-01,  7.0166e-01,  ..., -1.0376e-01,
           5.9277e-01,  7.0166e-01],
         [-6.4746e-01, -4.3677e-01, -4.7803e-01,  ..., -6.0425e-03,
           1.0791e+00, -4.7803e-01],
         ...,
         [-1.0205e+00,  4.8945e+00, -3.6094e+00,  ..., -4.1406e+00,
          -2.4878e-01, -3.6094e+00],
         [ 2.1504e+00, -2.2031e+00,  1.2555e+01,  ...,  1.1656e+01,
           3.3574e+00,  1.2555e+01],
         [-7.7393e-01, -7.1680e-01, -1.0586e+00,  ...,  7.3438e-01,
           1.1377e+00, -1.0586e+00]]], device='cuda:0'), tensor([[-0.0015,  0.0664,  0.0019, -0.0015],
        [ 0.0012,  0.0002,  0.0874, -0.0027],
        [ 0.0004,  0.0046, -0.0659,  0.0004],
        ...,
        [ 0.0104,  0.0525,  0.1426,  0.1562],
        [-0.0117, -0.0150, -0.0339,  0.1196],
        [-0.0454, -0.0825,  0.0334, -0.0474]], device='cuda:0'), Parameter containing:
tensor([ 0.0059, -0.0249,  0.0093,  ..., -0.2520, -0.0618, -0.0674],
       device='cuda:0'), None, None, None, True
  0%|          | 0/565 [00:00<?, ?it/s]
Training failed. Log: outputs/logs/nemotron_lora_v0_20260325_062047.log
