Note: Environment variable`HF_TOKEN` is set and is the current active token independently from the token you've just configured.
huggingface login ok
Loading checkpoint shards:   0%|          | 0/13 [00:00<?, ?it/s]Loading checkpoint shards:   8%|▊         | 1/13 [00:19<03:57, 19.81s/it]Loading checkpoint shards:  15%|█▌        | 2/13 [00:41<03:47, 20.64s/it]Loading checkpoint shards:  23%|██▎       | 3/13 [01:03<03:32, 21.28s/it]Loading checkpoint shards:  31%|███       | 4/13 [01:25<03:14, 21.59s/it]Loading checkpoint shards:  38%|███▊      | 5/13 [01:47<02:53, 21.74s/it]Loading checkpoint shards:  46%|████▌     | 6/13 [02:10<02:34, 22.13s/it]Loading checkpoint shards:  54%|█████▍    | 7/13 [02:31<02:11, 21.84s/it]Loading checkpoint shards:  62%|██████▏   | 8/13 [02:51<01:47, 21.48s/it]Loading checkpoint shards:  69%|██████▉   | 9/13 [03:13<01:25, 21.35s/it]Loading checkpoint shards:  77%|███████▋  | 10/13 [03:33<01:03, 21.15s/it]Loading checkpoint shards:  85%|████████▍ | 11/13 [03:54<00:41, 20.92s/it]Loading checkpoint shards:  92%|█████████▏| 12/13 [04:14<00:20, 20.61s/it]Loading checkpoint shards: 100%|██████████| 13/13 [04:25<00:00, 17.92s/it]Loading checkpoint shards: 100%|██████████| 13/13 [04:25<00:00, 20.45s/it]
[RANK 0] Detected kernel version 5.4.0, which is below the recommended minimum of 5.5.0; this can cause the process to hang. It is recommended to upgrade the kernel to the minimum version or higher.
  0%|          | 0/565 [00:00<?, ?it/s]Traceback (most recent call last):
  File "/home/vipuser/anaconda3/envs/nemotron_mamba/lib/python3.10/runpy.py", line 196, in _run_module_as_main
    return _run_code(code, main_globals, None,
  File "/home/vipuser/anaconda3/envs/nemotron_mamba/lib/python3.10/runpy.py", line 86, in _run_code
    exec(code, run_globals)
  File "/root/nemotron/src/train/sft_local.py", line 343, in <module>
    main()
  File "/root/nemotron/src/train/sft_local.py", line 332, in main
    trainer.train()
  File "/home/vipuser/anaconda3/envs/nemotron_mamba/lib/python3.10/site-packages/transformers/trainer.py", line 2325, in train
    return inner_training_loop(
  File "/home/vipuser/anaconda3/envs/nemotron_mamba/lib/python3.10/site-packages/transformers/trainer.py", line 2674, in _inner_training_loop
    tr_loss_step = self.training_step(model, inputs, num_items_in_batch)
  File "/home/vipuser/anaconda3/envs/nemotron_mamba/lib/python3.10/site-packages/transformers/trainer.py", line 4020, in training_step
    loss = self.compute_loss(model, inputs, num_items_in_batch=num_items_in_batch)
  File "/home/vipuser/anaconda3/envs/nemotron_mamba/lib/python3.10/site-packages/transformers/trainer.py", line 4110, in compute_loss
    outputs = model(**inputs)
  File "/home/vipuser/anaconda3/envs/nemotron_mamba/lib/python3.10/site-packages/torch/nn/modules/module.py", line 1518, in _wrapped_call_impl
    return self._call_impl(*args, **kwargs)
  File "/home/vipuser/anaconda3/envs/nemotron_mamba/lib/python3.10/site-packages/torch/nn/modules/module.py", line 1527, in _call_impl
    return forward_call(*args, **kwargs)
  File "/home/vipuser/anaconda3/envs/nemotron_mamba/lib/python3.10/site-packages/accelerate/utils/operations.py", line 823, in forward
    return model_forward(*args, **kwargs)
  File "/home/vipuser/anaconda3/envs/nemotron_mamba/lib/python3.10/site-packages/accelerate/utils/operations.py", line 811, in __call__
    return convert_to_fp32(self.model_forward(*args, **kwargs))
  File "/home/vipuser/anaconda3/envs/nemotron_mamba/lib/python3.10/site-packages/torch/amp/autocast_mode.py", line 16, in decorate_autocast
    return func(*args, **kwargs)
  File "/home/vipuser/anaconda3/envs/nemotron_mamba/lib/python3.10/site-packages/peft/peft_model.py", line 1644, in forward
    return self.base_model(
  File "/home/vipuser/anaconda3/envs/nemotron_mamba/lib/python3.10/site-packages/torch/nn/modules/module.py", line 1518, in _wrapped_call_impl
    return self._call_impl(*args, **kwargs)
  File "/home/vipuser/anaconda3/envs/nemotron_mamba/lib/python3.10/site-packages/torch/nn/modules/module.py", line 1527, in _call_impl
    return forward_call(*args, **kwargs)
  File "/home/vipuser/anaconda3/envs/nemotron_mamba/lib/python3.10/site-packages/peft/tuners/tuners_utils.py", line 197, in forward
    return self.model.forward(*args, **kwargs)
  File "/root/.cache/huggingface/modules/transformers_modules/nvidia/NVIDIA_hyphen_Nemotron_hyphen_3_hyphen_Nano_hyphen_30B_hyphen_A3B_hyphen_BF16/cbd3fa9f933d55ef16a84236559f4ee2a0526848/modeling_nemotron_h.py", line 1702, in forward
    nemotron_h_outputs = self.backbone(
  File "/home/vipuser/anaconda3/envs/nemotron_mamba/lib/python3.10/site-packages/torch/nn/modules/module.py", line 1518, in _wrapped_call_impl
    return self._call_impl(*args, **kwargs)
  File "/home/vipuser/anaconda3/envs/nemotron_mamba/lib/python3.10/site-packages/torch/nn/modules/module.py", line 1527, in _call_impl
    return forward_call(*args, **kwargs)
  File "/root/.cache/huggingface/modules/transformers_modules/nvidia/NVIDIA_hyphen_Nemotron_hyphen_3_hyphen_Nano_hyphen_30B_hyphen_A3B_hyphen_BF16/cbd3fa9f933d55ef16a84236559f4ee2a0526848/modeling_nemotron_h.py", line 1489, in forward
    hidden_states = self._gradient_checkpointing_func(
  File "/home/vipuser/anaconda3/envs/nemotron_mamba/lib/python3.10/site-packages/torch/_compile.py", line 24, in inner
    return torch._dynamo.disable(fn, recursive)(*args, **kwargs)
  File "/home/vipuser/anaconda3/envs/nemotron_mamba/lib/python3.10/site-packages/torch/_dynamo/eval_frame.py", line 328, in _fn
    return fn(*args, **kwargs)
  File "/home/vipuser/anaconda3/envs/nemotron_mamba/lib/python3.10/site-packages/torch/_dynamo/external_utils.py", line 17, in inner
    return fn(*args, **kwargs)
  File "/home/vipuser/anaconda3/envs/nemotron_mamba/lib/python3.10/site-packages/torch/utils/checkpoint.py", line 451, in checkpoint
    return CheckpointFunction.apply(function, preserve, *args)
  File "/home/vipuser/anaconda3/envs/nemotron_mamba/lib/python3.10/site-packages/torch/autograd/function.py", line 539, in apply
    return super().apply(*args, **kwargs)  # type: ignore[misc]
  File "/home/vipuser/anaconda3/envs/nemotron_mamba/lib/python3.10/site-packages/torch/utils/checkpoint.py", line 230, in forward
    outputs = run_function(*args)
  File "/home/vipuser/anaconda3/envs/nemotron_mamba/lib/python3.10/site-packages/torch/nn/modules/module.py", line 1518, in _wrapped_call_impl
    return self._call_impl(*args, **kwargs)
  File "/home/vipuser/anaconda3/envs/nemotron_mamba/lib/python3.10/site-packages/torch/nn/modules/module.py", line 1527, in _call_impl
    return forward_call(*args, **kwargs)
  File "/root/.cache/huggingface/modules/transformers_modules/nvidia/NVIDIA_hyphen_Nemotron_hyphen_3_hyphen_Nano_hyphen_30B_hyphen_A3B_hyphen_BF16/cbd3fa9f933d55ef16a84236559f4ee2a0526848/modeling_nemotron_h.py", line 777, in forward
    hidden_states = self.mixer(
  File "/home/vipuser/anaconda3/envs/nemotron_mamba/lib/python3.10/site-packages/torch/nn/modules/module.py", line 1518, in _wrapped_call_impl
    return self._call_impl(*args, **kwargs)
  File "/home/vipuser/anaconda3/envs/nemotron_mamba/lib/python3.10/site-packages/torch/nn/modules/module.py", line 1527, in _call_impl
    return forward_call(*args, **kwargs)
  File "/root/.cache/huggingface/modules/transformers_modules/nvidia/NVIDIA_hyphen_Nemotron_hyphen_3_hyphen_Nano_hyphen_30B_hyphen_A3B_hyphen_BF16/cbd3fa9f933d55ef16a84236559f4ee2a0526848/modeling_nemotron_h.py", line 715, in forward
    return self.cuda_kernels_forward(hidden_states, cache_params, cache_position, attention_mask)
  File "/root/.cache/huggingface/modules/transformers_modules/nvidia/NVIDIA_hyphen_Nemotron_hyphen_3_hyphen_Nano_hyphen_30B_hyphen_A3B_hyphen_BF16/cbd3fa9f933d55ef16a84236559f4ee2a0526848/modeling_nemotron_h.py", line 429, in cuda_kernels_forward
    out = mamba_split_conv1d_scan_combined(
  File "/home/vipuser/anaconda3/envs/nemotron_mamba/lib/python3.10/site-packages/mamba_ssm/ops/triton/ssd_combined.py", line 912, in mamba_split_conv1d_scan_combined
    return MambaSplitConv1dScanCombinedFn.apply(zxbcdt, conv1d_weight, conv1d_bias, dt_bias, A, D, chunk_size, initial_states, seq_idx, dt_limit, return_final_states, activation, rmsnorm_weight, rmsnorm_eps, outproj_weight, outproj_bias, headdim, ngroups, norm_before_gate)
  File "/home/vipuser/anaconda3/envs/nemotron_mamba/lib/python3.10/site-packages/torch/autograd/function.py", line 539, in apply
    return super().apply(*args, **kwargs)  # type: ignore[misc]
  File "/home/vipuser/anaconda3/envs/nemotron_mamba/lib/python3.10/site-packages/torch/cuda/amp/autocast_mode.py", line 113, in decorate_fwd
    return fwd(*args, **kwargs)
  File "/home/vipuser/anaconda3/envs/nemotron_mamba/lib/python3.10/site-packages/mamba_ssm/ops/triton/ssd_combined.py", line 801, in forward
    out = F.linear(out, outproj_weight, outproj_bias)
RuntimeError: mat1 and mat2 shapes cannot be multiplied (153x4096 and 1x5505024)
  0%|          | 0/565 [00:32<?, ?it/s]
Training failed. Log: outputs/logs/nemotron_lora_v0_20260325_065701.log
