Traceback (most recent call last):
  File "/home/vipuser/anaconda3/envs/nemotron_grpo/lib/python3.10/runpy.py", line 196, in _run_module_as_main
    return _run_code(code, main_globals, None,
  File "/home/vipuser/anaconda3/envs/nemotron_grpo/lib/python3.10/runpy.py", line 86, in _run_code
    exec(code, run_globals)
  File "/root/nemotron/src/train/sft_local.py", line 637, in <module>
    main()
  File "/root/nemotron/src/train/sft_local.py", line 518, in main
    model = build_model(
  File "/root/nemotron/src/train/sft_local.py", line 435, in build_model
    model = AutoModelForCausalLM.from_pretrained(model_name, **model_kwargs)
  File "/home/vipuser/anaconda3/envs/nemotron_grpo/lib/python3.10/site-packages/transformers/models/auto/auto_factory.py", line 559, in from_pretrained
    return model_class.from_pretrained(
  File "/home/vipuser/anaconda3/envs/nemotron_grpo/lib/python3.10/site-packages/transformers/modeling_utils.py", line 4156, in from_pretrained
    max_memory = get_balanced_memory(
  File "/home/vipuser/anaconda3/envs/nemotron_grpo/lib/python3.10/site-packages/accelerate/utils/modeling.py", line 989, in get_balanced_memory
    max_memory = get_max_memory(max_memory)
  File "/home/vipuser/anaconda3/envs/nemotron_grpo/lib/python3.10/site-packages/accelerate/utils/modeling.py", line 855, in get_max_memory
    max_memory[key] = convert_file_size_to_int(max_memory[key])
  File "/home/vipuser/anaconda3/envs/nemotron_grpo/lib/python3.10/site-packages/accelerate/utils/modeling.py", line 143, in convert_file_size_to_int
    raise ValueError(err_msg)
ValueError: `size` 48GiB is not in a valid format. Use an integer for bytes, or a string with an unit (like '5.0GB').
