Traceback (most recent call last):
  File "/home/vipuser/anaconda3/envs/nemotron_mamba/lib/python3.10/site-packages/trl/_lazy_module.py", line 71, in _get_module
    return importlib.import_module("." + module_name, self.__name__)
  File "/home/vipuser/anaconda3/envs/nemotron_mamba/lib/python3.10/importlib/__init__.py", line 126, in import_module
    return _bootstrap._gcd_import(name[level:], package, level)
  File "<frozen importlib._bootstrap>", line 1050, in _gcd_import
  File "<frozen importlib._bootstrap>", line 1027, in _find_and_load
  File "<frozen importlib._bootstrap>", line 1006, in _find_and_load_unlocked
  File "<frozen importlib._bootstrap>", line 688, in _load_unlocked
  File "<frozen importlib._bootstrap_external>", line 883, in exec_module
  File "<frozen importlib._bootstrap>", line 241, in _call_with_frames_removed
  File "/home/vipuser/anaconda3/envs/nemotron_mamba/lib/python3.10/site-packages/trl/models/utils.py", line 27, in <module>
    from torch.distributed.fsdp import FSDPModule
ImportError: cannot import name 'FSDPModule' from 'torch.distributed.fsdp' (/home/vipuser/anaconda3/envs/nemotron_mamba/lib/python3.10/site-packages/torch/distributed/fsdp/__init__.py)

The above exception was the direct cause of the following exception:

Traceback (most recent call last):
  File "/home/vipuser/anaconda3/envs/nemotron_mamba/lib/python3.10/site-packages/trl/_lazy_module.py", line 71, in _get_module
    return importlib.import_module("." + module_name, self.__name__)
  File "/home/vipuser/anaconda3/envs/nemotron_mamba/lib/python3.10/importlib/__init__.py", line 126, in import_module
    return _bootstrap._gcd_import(name[level:], package, level)
  File "<frozen importlib._bootstrap>", line 1050, in _gcd_import
  File "<frozen importlib._bootstrap>", line 1027, in _find_and_load
  File "<frozen importlib._bootstrap>", line 1006, in _find_and_load_unlocked
  File "<frozen importlib._bootstrap>", line 688, in _load_unlocked
  File "<frozen importlib._bootstrap_external>", line 883, in exec_module
  File "<frozen importlib._bootstrap>", line 241, in _call_with_frames_removed
  File "/home/vipuser/anaconda3/envs/nemotron_mamba/lib/python3.10/site-packages/trl/trainer/grpo_trainer.py", line 64, in <module>
    from ..models import prepare_deepspeed, prepare_fsdp, unwrap_model_for_generation
  File "<frozen importlib._bootstrap>", line 1075, in _handle_fromlist
  File "/home/vipuser/anaconda3/envs/nemotron_mamba/lib/python3.10/site-packages/trl/_lazy_module.py", line 61, in __getattr__
    module = self._get_module(self._class_to_module[name])
  File "/home/vipuser/anaconda3/envs/nemotron_mamba/lib/python3.10/site-packages/trl/_lazy_module.py", line 73, in _get_module
    raise RuntimeError(
RuntimeError: Failed to import trl.models.utils because of the following error (look up to see its traceback):
cannot import name 'FSDPModule' from 'torch.distributed.fsdp' (/home/vipuser/anaconda3/envs/nemotron_mamba/lib/python3.10/site-packages/torch/distributed/fsdp/__init__.py)

The above exception was the direct cause of the following exception:

Traceback (most recent call last):
  File "/home/vipuser/anaconda3/envs/nemotron_mamba/lib/python3.10/runpy.py", line 196, in _run_module_as_main
    return _run_code(code, main_globals, None,
  File "/home/vipuser/anaconda3/envs/nemotron_mamba/lib/python3.10/runpy.py", line 86, in _run_code
    exec(code, run_globals)
  File "/root/nemotron/src/train/grpo_local.py", line 395, in <module>
    main()
  File "/root/nemotron/src/train/grpo_local.py", line 297, in main
    GRPOConfig, GRPOTrainer, trl_version = import_grpo_symbols()
  File "/root/nemotron/src/train/grpo_local.py", line 95, in import_grpo_symbols
    from trl import GRPOConfig, GRPOTrainer
  File "<frozen importlib._bootstrap>", line 1075, in _handle_fromlist
  File "/home/vipuser/anaconda3/envs/nemotron_mamba/lib/python3.10/site-packages/trl/_lazy_module.py", line 62, in __getattr__
    value = getattr(module, name)
  File "/home/vipuser/anaconda3/envs/nemotron_mamba/lib/python3.10/site-packages/trl/_lazy_module.py", line 61, in __getattr__
    module = self._get_module(self._class_to_module[name])
  File "/home/vipuser/anaconda3/envs/nemotron_mamba/lib/python3.10/site-packages/trl/_lazy_module.py", line 73, in _get_module
    raise RuntimeError(
RuntimeError: Failed to import trl.trainer.grpo_trainer because of the following error (look up to see its traceback):
Failed to import trl.models.utils because of the following error (look up to see its traceback):
cannot import name 'FSDPModule' from 'torch.distributed.fsdp' (/home/vipuser/anaconda3/envs/nemotron_mamba/lib/python3.10/site-packages/torch/distributed/fsdp/__init__.py)
