The installed version of bitsandbytes was compiled without GPU support. 8-bit optimizers, 8-bit multiplication, and GPU quantization are unavailable.
CUDA is required but not available for bitsandbytes. Please consider installing the multi-platform enabled version of bitsandbytes, which is currently a work in progress. Please check currently supported platforms and installation instructions at https://huggingface.co/docs/bitsandbytes/main/en/installation#multi-backend
Traceback (most recent call last):
  File "/home/vipuser/anaconda3/envs/nemotron_mamba/lib/python3.10/runpy.py", line 196, in _run_module_as_main
    return _run_code(code, main_globals, None,
  File "/home/vipuser/anaconda3/envs/nemotron_mamba/lib/python3.10/runpy.py", line 86, in _run_code
    exec(code, run_globals)
  File "/root/nemotron/src/train/sft_local.py", line 461, in <module>
    main()
  File "/root/nemotron/src/train/sft_local.py", line 356, in main
    model = build_model(
  File "/root/nemotron/src/train/sft_local.py", line 276, in build_model
    model = AutoModelForCausalLM.from_pretrained(model_name, **model_kwargs)
  File "/home/vipuser/anaconda3/envs/nemotron_mamba/lib/python3.10/site-packages/transformers/models/auto/auto_factory.py", line 597, in from_pretrained
    return model_class.from_pretrained(
  File "/home/vipuser/anaconda3/envs/nemotron_mamba/lib/python3.10/site-packages/transformers/modeling_utils.py", line 277, in _wrapper
    return func(*args, **kwargs)
  File "/home/vipuser/anaconda3/envs/nemotron_mamba/lib/python3.10/site-packages/transformers/modeling_utils.py", line 4881, in from_pretrained
    hf_quantizer, config, dtype, device_map = get_hf_quantizer(
  File "/home/vipuser/anaconda3/envs/nemotron_mamba/lib/python3.10/site-packages/transformers/quantizers/auto.py", line 319, in get_hf_quantizer
    hf_quantizer.validate_environment(
  File "/home/vipuser/anaconda3/envs/nemotron_mamba/lib/python3.10/site-packages/transformers/quantizers/quantizer_bnb_4bit.py", line 107, in validate_environment
    validate_bnb_backend_availability(raise_exception=True)
  File "/home/vipuser/anaconda3/envs/nemotron_mamba/lib/python3.10/site-packages/transformers/integrations/bitsandbytes.py", line 542, in validate_bnb_backend_availability
    return _validate_bnb_cuda_backend_availability(raise_exception)
  File "/home/vipuser/anaconda3/envs/nemotron_mamba/lib/python3.10/site-packages/transformers/integrations/bitsandbytes.py", line 520, in _validate_bnb_cuda_backend_availability
    raise RuntimeError(log_msg)
RuntimeError: CUDA is required but not available for bitsandbytes. Please consider installing the multi-platform enabled version of bitsandbytes, which is currently a work in progress. Please check currently supported platforms and installation instructions at https://huggingface.co/docs/bitsandbytes/main/en/installation#multi-backend
